android/app/build/intermediates/manifest_merge_blame_file/debug/manifest-merger-blame-debug-report.txt
1<?xml version="1.0" encoding="utf-8"?>
2<manifest xmlns:android="http://schemas.android.com/apk/res/android"
3    package="com.cryptozone"
4    android:versionCode="1"
5    android:versionName="1.0" >
6
7    <uses-sdk
8        android:minSdkVersion="21"
9        android:targetSdkVersion="33" />
10
11    <uses-permission android:name="android.permission.SYSTEM_ALERT_WINDOW" />
11-->src\debug\AndroidManifest.xml:5:5-77
11-->src\debug\AndroidManifest.xml:5:22-75
12    <uses-permission android:name="android.permission.INTERNET" />
12-->src\main\AndroidManifest.xml:3:5-67
12-->src\main\AndroidManifest.xml:3:22-64
13    <uses-permission android:name="android.permission.CAMERA" />
13-->src\main\AndroidManifest.xml:4:5-64
13-->src\main\AndroidManifest.xml:4:22-62
14    <uses-permission android:name="android.permission.READ_EXTERNAL_STORAGE" />
14-->src\main\AndroidManifest.xml:5:5-80
14-->src\main\AndroidManifest.xml:5:22-77
15    <uses-permission android:name="android.permission.WRITE_EXTERNAL_STORAGE" />
15-->src\main\AndroidManifest.xml:6:5-80
15-->src\main\AndroidManifest.xml:6:22-78
16    <uses-permission android:name="android.permission.ACCESS_WIFI_STATE" />
16-->[com.facebook.flipper:flipper:0.125.0] AndroidManifest.xml:16:5-76
16-->[com.facebook.flipper:flipper:0.125.0] AndroidManifest.xml:16:22-73
17
18    <application
18-->src\main\AndroidManifest.xml:8:5-27:19
19        android:name="com.cryptozone.MainApplication"
19-->src\main\AndroidManifest.xml:9:7-38
20        android:allowBackup="false"
20-->src\main\AndroidManifest.xml:13:7-34
21        android:appComponentFactory="androidx.core.app.CoreComponentFactory"
21-->[androidx.core:core:1.7.0] AndroidManifest.xml:24:18-86
22        android:debuggable="true"
23        android:icon="@mipmap/ic_launcher"
23-->src\main\AndroidManifest.xml:11:7-41
24        android:label="@string/app_name"
24-->src\main\AndroidManifest.xml:10:7-39
25        android:roundIcon="@mipmap/ic_launcher_round"
25-->src\main\AndroidManifest.xml:12:7-52
26        android:theme="@style/AppTheme"
26-->src\main\AndroidManifest.xml:14:7-38
27        android:usesCleartextTraffic="true" >
27-->src\debug\AndroidManifest.xml:8:9-44
28        <activity
28-->src\debug\AndroidManifest.xml:11:9-111
29            android:name="com.facebook.react.devsupport.DevSettingsActivity"
29-->src\debug\AndroidManifest.xml:11:19-83
30            android:exported="false" />
30-->src\debug\AndroidManifest.xml:11:84-108
31        <activity
31-->src\main\AndroidManifest.xml:15:7-26:18
32            android:name="com.cryptozone.MainActivity"
32-->src\main\AndroidManifest.xml:16:9-37
33            android:configChanges="keyboard|keyboardHidden|orientation|screenLayout|screenSize|smallestScreenSize|uiMode"
33-->src\main\AndroidManifest.xml:18:9-118
34            android:exported="true"
34-->src\main\AndroidManifest.xml:21:9-32
35            android:label="@string/app_name"
35-->src\main\AndroidManifest.xml:17:9-41
36            android:launchMode="singleTask"
36-->src\main\AndroidManifest.xml:19:9-40
37            android:windowSoftInputMode="adjustResize" >
37-->src\main\AndroidManifest.xml:20:9-51
38            <intent-filter>
38-->src\main\AndroidManifest.xml:22:9-25:25
39                <action android:name="android.intent.action.MAIN" />
39-->src\main\AndroidManifest.xml:23:13-65
39-->src\main\AndroidManifest.xml:23:21-62
40
41                <category android:name="android.intent.category.LAUNCHER" />
41-->src\main\AndroidManifest.xml:24:13-73
41-->src\main\AndroidManifest.xml:24:23-70
42            </intent-filter>
43        </activity>
44
45        <provider
45-->[:react-native-image-picker] AndroidManifest.xml:10:9-18:20
46            android:name="com.imagepicker.ImagePickerProvider"
46-->[:react-native-image-picker] AndroidManifest.xml:11:13-63
47            android:authorities="com.cryptozone.imagepickerprovider"
47-->[:react-native-image-picker] AndroidManifest.xml:12:13-71
48            android:exported="false"
48-->[:react-native-image-picker] AndroidManifest.xml:13:13-37
49            android:grantUriPermissions="true" >
49-->[:react-native-image-picker] AndroidManifest.xml:14:13-47
50            <meta-data
50-->[:react-native-image-picker] AndroidManifest.xml:15:13-17:70
51                android:name="android.support.FILE_PROVIDER_PATHS"
51-->[:react-native-image-picker] AndroidManifest.xml:16:17-67
52                android:resource="@xml/imagepicker_provider_paths" />
52-->[:react-native-image-picker] AndroidManifest.xml:17:17-67
53        </provider>
54        <provider
54-->[androidx.emoji2:emoji2:1.0.0] AndroidManifest.xml:26:9-34:20
55            android:name="androidx.startup.InitializationProvider"
55-->[androidx.emoji2:emoji2:1.0.0] AndroidManifest.xml:27:13-67
56            android:authorities="com.cryptozone.androidx-startup"
56-->[androidx.emoji2:emoji2:1.0.0] AndroidManifest.xml:28:13-68
57            android:exported="false" >
57-->[androidx.emoji2:emoji2:1.0.0] AndroidManifest.xml:29:13-37
58            <meta-data
58-->[androidx.emoji2:emoji2:1.0.0] AndroidManifest.xml:31:13-33:52
59                android:name="androidx.emoji2.text.EmojiCompatInitializer"
59-->[androidx.emoji2:emoji2:1.0.0] AndroidManifest.xml:32:17-75
60                android:value="androidx.startup" />
60-->[androidx.emoji2:emoji2:1.0.0] AndroidManifest.xml:33:17-49
61            <meta-data
61-->[androidx.lifecycle:lifecycle-process:2.4.0] AndroidManifest.xml:31:13-33:52
62                android:name="androidx.lifecycle.ProcessLifecycleInitializer"
62-->[androidx.lifecycle:lifecycle-process:2.4.0] AndroidManifest.xml:32:17-78
63                android:value="androidx.startup" />
63-->[androidx.lifecycle:lifecycle-process:2.4.0] AndroidManifest.xml:33:17-49
64        </provider>
65    </application>
66
67</manifest>